<?xml version="1.0" encoding="UTF-8"?>
<testng-results ignored="0" total="1" passed="1" failed="0" skipped="0">
  <reporter-output>
  </reporter-output>
  <suite started-at="2025-12-16T17:33:34 IST" name="Surefire suite" finished-at="2025-12-16T17:33:46 IST" duration-ms="12076">
    <groups>
    </groups>
    <test started-at="2025-12-16T17:33:34 IST" name="Surefire test" finished-at="2025-12-16T17:33:46 IST" duration-ms="12076">
      <class name="servicenow.Hibernate">
        <test-method signature="runWake()[pri:0, instance:servicenow.Hibernate@25a65b77]" started-at="2025-12-16T17:33:34 IST" name="runWake" finished-at="2025-12-16T17:33:46 IST" duration-ms="12010" status="PASS">
          <reporter-output>
          </reporter-output>
        </test-method> <!-- runWake -->
      </class> <!-- servicenow.Hibernate -->
    </test> <!-- Surefire test -->
  </suite> <!-- Surefire suite -->
</testng-results>
