<?xml version="1.0" encoding="UTF-8"?>
<testng-results ignored="0" total="1" passed="1" failed="0" skipped="0">
  <reporter-output>
  </reporter-output>
  <suite started-at="2025-12-29T13:01:44 IST" name="Default suite" finished-at="2025-12-29T13:02:59 IST" duration-ms="74741">
    <groups>
    </groups>
    <test started-at="2025-12-29T13:01:44 IST" name="Default test" finished-at="2025-12-29T13:02:59 IST" duration-ms="74741">
      <class name="servicenow.Hibernate">
        <test-method is-config="true" signature="setupReport()[pri:0, instance:servicenow.Hibernate@6ae5aa72]" started-at="2025-12-29T13:01:44 IST" name="setupReport" finished-at="2025-12-29T13:01:44 IST" duration-ms="487" status="PASS">
          <reporter-output>
          </reporter-output>
        </test-method> <!-- setupReport -->
        <test-method signature="runWake()[pri:0, instance:servicenow.Hibernate@6ae5aa72]" started-at="2025-12-29T13:01:45 IST" name="runWake" finished-at="2025-12-29T13:02:59 IST" duration-ms="74690" status="PASS">
          <reporter-output>
          </reporter-output>
        </test-method> <!-- runWake -->
        <test-method is-config="true" signature="tearDown()[pri:0, instance:servicenow.Hibernate@6ae5aa72]" started-at="2025-12-29T13:02:59 IST" name="tearDown" finished-at="2025-12-29T13:03:01 IST" duration-ms="1344" status="PASS">
          <reporter-output>
          </reporter-output>
        </test-method> <!-- tearDown -->
      </class> <!-- servicenow.Hibernate -->
    </test> <!-- Default test -->
  </suite> <!-- Default suite -->
</testng-results>
